<?xml version="1.0" encoding="UTF-8"?>
<!-- Generated by org.testng.reporters.JUnitReportReporter -->
<testsuite skipped="0" hostname="TBISB6666LT238" name="Tests.HomePageTest" tests="1" failures="0" timestamp="2019-12-19T19:00:23 PKT" time="5.122" errors="0">
  <testcase name="searchGoogleTest" time="5.122" classname="Tests.HomePageTest"/>
</testsuite> <!-- Tests.HomePageTest -->
